2025-08-08 00:48:49,705 - faiss_query_engine - INFO - Preparing text data for embedding...
2025-08-08 00:48:49,707 - faiss_query_engine - INFO - Generating embeddings...
2025-08-08 00:48:57,972 - faiss_query_engine - INFO - Building FAISS index...
2025-08-08 00:48:57,974 - faiss_query_engine - INFO - FAISS index built with 10 vectors.
2025-08-08 01:03:28,759 - Custom_Functions.faiss_query_engine - ERROR - DataFrame is empty. Cannot initialize FAISS index.
2025-08-08 01:03:40,838 - Custom_Functions.faiss_query_engine - ERROR - DataFrame is empty. Cannot initialize FAISS index.
2025-08-08 01:05:20,117 - Custom_Functions.faiss_query_engine - ERROR - DataFrame is empty. Cannot initialize FAISS index.
2025-08-08 01:06:30,388 - Custom_Functions.faiss_query_engine - ERROR - DataFrame is empty. Cannot initialize FAISS index.
2025-08-08 01:08:27,859 - faiss_query_engine - INFO - Preparing text data for embedding...
2025-08-08 01:08:27,861 - faiss_query_engine - INFO - Generating embeddings...
2025-08-08 01:08:34,830 - faiss_query_engine - INFO - Building FAISS index...
2025-08-08 01:08:34,832 - faiss_query_engine - INFO - FAISS index built with 10 vectors.
2025-08-08 01:09:55,920 - Custom_Functions.faiss_query_engine - ERROR - DataFrame is empty. Cannot initialize FAISS index.
2025-08-08 01:17:53,436 - Custom_Functions.faiss_query_engine - ERROR - DataFrame is empty. Cannot initialize FAISS index.
2025-08-08 01:17:53,437 - Custom_Functions.faiss_query_engine - WARNING - DataFrame is empty. Please check the CSV file path.
2025-08-08 01:22:43,210 - Custom_Functions.faiss_query_engine - ERROR - DataFrame is empty. Cannot initialize FAISS index.
2025-08-08 01:22:43,211 - Custom_Functions.faiss_query_engine - WARNING - DataFrame is empty. Please check the CSV file path.
2025-08-08 01:26:06,101 - Custom_Functions.faiss_query_engine - ERROR - DataFrame is empty. Cannot initialize FAISS index.
2025-08-08 01:26:06,102 - Custom_Functions.faiss_query_engine - WARNING - DataFrame is empty. Please check the CSV file path.
2025-08-08 01:27:14,337 - Custom_Functions.faiss_query_engine - INFO - Preparing text data for embedding...
2025-08-08 01:27:14,341 - Custom_Functions.faiss_query_engine - INFO - Generating embeddings...
2025-08-08 01:27:19,702 - Custom_Functions.faiss_query_engine - INFO - Building FAISS index...
2025-08-08 01:27:19,704 - Custom_Functions.faiss_query_engine - INFO - FAISS index built with 10 vectors.
2025-08-08 01:28:49,241 - Custom_Functions.faiss_query_engine - ERROR - DataFrame is empty. Cannot initialize FAISS index.
2025-08-08 01:28:49,242 - Custom_Functions.faiss_query_engine - WARNING - DataFrame is empty. Please check the CSV file path.
2025-08-08 01:30:45,563 - Custom_Functions.faiss_query_engine - INFO - Preparing text data for embedding...
2025-08-08 01:30:45,581 - Custom_Functions.faiss_query_engine - INFO - Generating embeddings...
2025-08-08 01:36:21,998 - Custom_Functions.faiss_query_engine - INFO - Preparing text data for embedding...
2025-08-08 01:36:22,014 - Custom_Functions.faiss_query_engine - INFO - Generating embeddings...
2025-08-14 00:31:51,280 - Custom_Functions.faiss_query_engine - INFO - Preparing text data for embedding...
2025-08-14 00:31:51,298 - Custom_Functions.faiss_query_engine - INFO - Generating embeddings...
2025-08-14 00:34:16,174 - Custom_Functions.faiss_query_engine - INFO - Preparing text data for embedding...
2025-08-14 00:34:16,191 - Custom_Functions.faiss_query_engine - INFO - Generating embeddings...
2025-08-14 00:41:58,902 - Custom_Functions.faiss_query_engine - INFO - Building FAISS index (this is done once; subsequent runs will load it).
2025-08-14 00:43:59,894 - Custom_Functions.faiss_query_engine - INFO - FAISS index built with 9994 vectors (dim=1536).
2025-08-14 00:43:59,922 - Custom_Functions.faiss_query_engine - INFO - FAISS index persisted to: index/faiss
2025-08-14 00:45:09,815 - Custom_Functions.faiss_query_engine - INFO - Loading existing FAISS index from disk...
2025-08-14 00:45:09,856 - Custom_Functions.faiss_query_engine - INFO - Loaded FAISS index with 9994 vectors.
2025-08-14 00:50:17,061 - Custom_Functions.faiss_query_engine - INFO - Loading existing FAISS index from disk...
2025-08-14 00:50:17,102 - Custom_Functions.faiss_query_engine - INFO - Loaded FAISS index with 9994 vectors.
2025-08-14 00:52:13,212 - Custom_Functions.faiss_query_engine - INFO - Loading existing FAISS index from disk...
2025-08-14 00:52:13,247 - Custom_Functions.faiss_query_engine - INFO - Loaded FAISS index with 9994 vectors.
2025-08-14 01:00:46,643 - Custom_Functions.faiss_query_engine - INFO - Loading existing FAISS index from disk...
2025-08-14 01:00:46,684 - Custom_Functions.faiss_query_engine - INFO - Loaded FAISS index with 9994 vectors.
2025-08-14 01:01:48,165 - Custom_Functions.faiss_query_engine - INFO - Loading existing FAISS index from disk...
2025-08-14 01:01:48,199 - Custom_Functions.faiss_query_engine - INFO - Loaded FAISS index with 9994 vectors.
2025-08-14 01:03:18,309 - Custom_Functions.faiss_query_engine - INFO - Loading existing FAISS index from disk...
2025-08-14 01:03:18,341 - Custom_Functions.faiss_query_engine - INFO - Loaded FAISS index with 9994 vectors.
